<?xml version="1.0" encoding="UTF-8"?>
<!-- Generated by org.testng.reporters.JUnitReportReporter -->
<testsuite hostname="ATSINNB0698" failures="0" tests="1" name="com.pathology.testcases.LoginTest" time="0.831" errors="0" timestamp="06 Apr 2025 05:57:52 GMT" skipped="0">
  <testcase classname="com.pathology.testcases.LoginTest" name="login" time="0.831"/>
</testsuite> <!-- com.pathology.testcases.LoginTest -->
